c:\users\alexm\documents\game development - advanced programming 2017\physics and simulation 2\physics_assignment_02\bulletphysicslibrary\debug\vc141.pdb
c:\users\alexm\documents\game development - advanced programming 2017\physics and simulation 2\physics_assignment_02\bulletphysicslibrary\debug\vc141.idb
c:\users\alexm\documents\game development - advanced programming 2017\physics and simulation 2\physics_assignment_02\bulletphysicslibrary\debug\btmultibodypoint2point.obj
c:\users\alexm\documents\game development - advanced programming 2017\physics and simulation 2\physics_assignment_02\bulletphysicslibrary\debug\btmultibodysliderconstraint.obj
c:\users\alexm\documents\game development - advanced programming 2017\physics and simulation 2\physics_assignment_02\bulletphysicslibrary\debug\btdantziglcp.obj
c:\users\alexm\documents\game development - advanced programming 2017\physics and simulation 2\physics_assignment_02\bulletphysicslibrary\debug\btlemkealgorithm.obj
c:\users\alexm\documents\game development - advanced programming 2017\physics and simulation 2\physics_assignment_02\bulletphysicslibrary\debug\btmlcpsolver.obj
c:\users\alexm\documents\game development - advanced programming 2017\physics and simulation 2\physics_assignment_02\bulletphysicslibrary\debug\btraycastvehicle.obj
c:\users\alexm\documents\game development - advanced programming 2017\physics and simulation 2\physics_assignment_02\bulletphysicslibrary\debug\btwheelinfo.obj
c:\users\alexm\documents\game development - advanced programming 2017\physics and simulation 2\physics_assignment_02\bulletphysicslibrary\debug\btalignedallocator.obj
c:\users\alexm\documents\game development - advanced programming 2017\physics and simulation 2\physics_assignment_02\bulletphysicslibrary\debug\btconvexhull.obj
c:\users\alexm\documents\game development - advanced programming 2017\physics and simulation 2\physics_assignment_02\bulletphysicslibrary\debug\btconvexhullcomputer.obj
c:\users\alexm\documents\game development - advanced programming 2017\physics and simulation 2\physics_assignment_02\bulletphysicslibrary\debug\btgeometryutil.obj
c:\users\alexm\documents\game development - advanced programming 2017\physics and simulation 2\physics_assignment_02\bulletphysicslibrary\debug\btpolardecomposition.obj
c:\users\alexm\documents\game development - advanced programming 2017\physics and simulation 2\physics_assignment_02\bulletphysicslibrary\debug\btquickprof.obj
c:\users\alexm\documents\game development - advanced programming 2017\physics and simulation 2\physics_assignment_02\bulletphysicslibrary\debug\btserializer.obj
c:\users\alexm\documents\game development - advanced programming 2017\physics and simulation 2\physics_assignment_02\bulletphysicslibrary\debug\btserializer64.obj
c:\users\alexm\documents\game development - advanced programming 2017\physics and simulation 2\physics_assignment_02\bulletphysicslibrary\debug\btthreads.obj
c:\users\alexm\documents\game development - advanced programming 2017\physics and simulation 2\physics_assignment_02\bulletphysicslibrary\debug\btvector3.obj
c:\users\alexm\documents\game development - advanced programming 2017\physics and simulation 2\physics_assignment_02\bulletphysicslibrary\debug\cbulletplaneshape.obj
c:\users\alexm\documents\game development - advanced programming 2017\physics and simulation 2\physics_assignment_02\bulletphysicslibrary\debug\cbulletrigidbody.obj
c:\users\alexm\documents\game development - advanced programming 2017\physics and simulation 2\physics_assignment_02\bulletphysicslibrary\debug\cbulletsphereshape.obj
c:\users\alexm\documents\game development - advanced programming 2017\physics and simulation 2\physics_assignment_02\bulletphysicslibrary\debug\btnncgconstraintsolver.obj
c:\users\alexm\documents\game development - advanced programming 2017\physics and simulation 2\physics_assignment_02\bulletphysicslibrary\debug\btpoint2pointconstraint.obj
c:\users\alexm\documents\game development - advanced programming 2017\physics and simulation 2\physics_assignment_02\bulletphysicslibrary\debug\btsequentialimpulseconstraintsolver.obj
c:\users\alexm\documents\game development - advanced programming 2017\physics and simulation 2\physics_assignment_02\bulletphysicslibrary\debug\btsliderconstraint.obj
c:\users\alexm\documents\game development - advanced programming 2017\physics and simulation 2\physics_assignment_02\bulletphysicslibrary\debug\btsolve2linearconstraint.obj
c:\users\alexm\documents\game development - advanced programming 2017\physics and simulation 2\physics_assignment_02\bulletphysicslibrary\debug\bttypedconstraint.obj
c:\users\alexm\documents\game development - advanced programming 2017\physics and simulation 2\physics_assignment_02\bulletphysicslibrary\debug\btuniversalconstraint.obj
c:\users\alexm\documents\game development - advanced programming 2017\physics and simulation 2\physics_assignment_02\bulletphysicslibrary\debug\btdiscretedynamicsworld.obj
c:\users\alexm\documents\game development - advanced programming 2017\physics and simulation 2\physics_assignment_02\bulletphysicslibrary\debug\btdiscretedynamicsworldmt.obj
c:\users\alexm\documents\game development - advanced programming 2017\physics and simulation 2\physics_assignment_02\bulletphysicslibrary\debug\btrigidbody.obj
c:\users\alexm\documents\game development - advanced programming 2017\physics and simulation 2\physics_assignment_02\bulletphysicslibrary\debug\btsimpledynamicsworld.obj
c:\users\alexm\documents\game development - advanced programming 2017\physics and simulation 2\physics_assignment_02\bulletphysicslibrary\debug\btsimulationislandmanagermt.obj
c:\users\alexm\documents\game development - advanced programming 2017\physics and simulation 2\physics_assignment_02\bulletphysicslibrary\debug\btmultibody.obj
c:\users\alexm\documents\game development - advanced programming 2017\physics and simulation 2\physics_assignment_02\bulletphysicslibrary\debug\btmultibodyconstraint.obj
c:\users\alexm\documents\game development - advanced programming 2017\physics and simulation 2\physics_assignment_02\bulletphysicslibrary\debug\btmultibodyconstraintsolver.obj
c:\users\alexm\documents\game development - advanced programming 2017\physics and simulation 2\physics_assignment_02\bulletphysicslibrary\debug\btmultibodydynamicsworld.obj
c:\users\alexm\documents\game development - advanced programming 2017\physics and simulation 2\physics_assignment_02\bulletphysicslibrary\debug\btmultibodyfixedconstraint.obj
c:\users\alexm\documents\game development - advanced programming 2017\physics and simulation 2\physics_assignment_02\bulletphysicslibrary\debug\btmultibodygearconstraint.obj
c:\users\alexm\documents\game development - advanced programming 2017\physics and simulation 2\physics_assignment_02\bulletphysicslibrary\debug\btmultibodyjointlimitconstraint.obj
c:\users\alexm\documents\game development - advanced programming 2017\physics and simulation 2\physics_assignment_02\bulletphysicslibrary\debug\btmultibodyjointmotor.obj
c:\users\alexm\documents\game development - advanced programming 2017\physics and simulation 2\physics_assignment_02\bulletphysicslibrary\debug\btgjkconvexcast.obj
c:\users\alexm\documents\game development - advanced programming 2017\physics and simulation 2\physics_assignment_02\bulletphysicslibrary\debug\btgjkepa2.obj
c:\users\alexm\documents\game development - advanced programming 2017\physics and simulation 2\physics_assignment_02\bulletphysicslibrary\debug\btgjkepapenetrationdepthsolver.obj
c:\users\alexm\documents\game development - advanced programming 2017\physics and simulation 2\physics_assignment_02\bulletphysicslibrary\debug\btgjkpairdetector.obj
c:\users\alexm\documents\game development - advanced programming 2017\physics and simulation 2\physics_assignment_02\bulletphysicslibrary\debug\btminkowskipenetrationdepthsolver.obj
c:\users\alexm\documents\game development - advanced programming 2017\physics and simulation 2\physics_assignment_02\bulletphysicslibrary\debug\btpersistentmanifold.obj
c:\users\alexm\documents\game development - advanced programming 2017\physics and simulation 2\physics_assignment_02\bulletphysicslibrary\debug\btpolyhedralcontactclipping.obj
c:\users\alexm\documents\game development - advanced programming 2017\physics and simulation 2\physics_assignment_02\bulletphysicslibrary\debug\btraycastcallback.obj
c:\users\alexm\documents\game development - advanced programming 2017\physics and simulation 2\physics_assignment_02\bulletphysicslibrary\debug\btsubsimplexconvexcast.obj
c:\users\alexm\documents\game development - advanced programming 2017\physics and simulation 2\physics_assignment_02\bulletphysicslibrary\debug\btvoronoisimplexsolver.obj
c:\users\alexm\documents\game development - advanced programming 2017\physics and simulation 2\physics_assignment_02\bulletphysicslibrary\debug\btkinematiccharactercontroller.obj
c:\users\alexm\documents\game development - advanced programming 2017\physics and simulation 2\physics_assignment_02\bulletphysicslibrary\debug\btconetwistconstraint.obj
c:\users\alexm\documents\game development - advanced programming 2017\physics and simulation 2\physics_assignment_02\bulletphysicslibrary\debug\btcontactconstraint.obj
c:\users\alexm\documents\game development - advanced programming 2017\physics and simulation 2\physics_assignment_02\bulletphysicslibrary\debug\btfixedconstraint.obj
c:\users\alexm\documents\game development - advanced programming 2017\physics and simulation 2\physics_assignment_02\bulletphysicslibrary\debug\btgearconstraint.obj
c:\users\alexm\documents\game development - advanced programming 2017\physics and simulation 2\physics_assignment_02\bulletphysicslibrary\debug\btgeneric6dofconstraint.obj
c:\users\alexm\documents\game development - advanced programming 2017\physics and simulation 2\physics_assignment_02\bulletphysicslibrary\debug\btgeneric6dofspring2constraint.obj
c:\users\alexm\documents\game development - advanced programming 2017\physics and simulation 2\physics_assignment_02\bulletphysicslibrary\debug\btgeneric6dofspringconstraint.obj
c:\users\alexm\documents\game development - advanced programming 2017\physics and simulation 2\physics_assignment_02\bulletphysicslibrary\debug\bthinge2constraint.obj
c:\users\alexm\documents\game development - advanced programming 2017\physics and simulation 2\physics_assignment_02\bulletphysicslibrary\debug\bthingeconstraint.obj
c:\users\alexm\documents\game development - advanced programming 2017\physics and simulation 2\physics_assignment_02\bulletphysicslibrary\debug\bttrianglebuffer.obj
c:\users\alexm\documents\game development - advanced programming 2017\physics and simulation 2\physics_assignment_02\bulletphysicslibrary\debug\bttrianglecallback.obj
c:\users\alexm\documents\game development - advanced programming 2017\physics and simulation 2\physics_assignment_02\bulletphysicslibrary\debug\bttriangleindexvertexarray.obj
c:\users\alexm\documents\game development - advanced programming 2017\physics and simulation 2\physics_assignment_02\bulletphysicslibrary\debug\bttriangleindexvertexmaterialarray.obj
c:\users\alexm\documents\game development - advanced programming 2017\physics and simulation 2\physics_assignment_02\bulletphysicslibrary\debug\bttrianglemesh.obj
c:\users\alexm\documents\game development - advanced programming 2017\physics and simulation 2\physics_assignment_02\bulletphysicslibrary\debug\bttrianglemeshshape.obj
c:\users\alexm\documents\game development - advanced programming 2017\physics and simulation 2\physics_assignment_02\bulletphysicslibrary\debug\btuniformscalingshape.obj
c:\users\alexm\documents\game development - advanced programming 2017\physics and simulation 2\physics_assignment_02\bulletphysicslibrary\debug\btcontactprocessing.obj
c:\users\alexm\documents\game development - advanced programming 2017\physics and simulation 2\physics_assignment_02\bulletphysicslibrary\debug\btgenericpoolallocator.obj
c:\users\alexm\documents\game development - advanced programming 2017\physics and simulation 2\physics_assignment_02\bulletphysicslibrary\debug\btgimpactbvh.obj
c:\users\alexm\documents\game development - advanced programming 2017\physics and simulation 2\physics_assignment_02\bulletphysicslibrary\debug\btgimpactcollisionalgorithm.obj
c:\users\alexm\documents\game development - advanced programming 2017\physics and simulation 2\physics_assignment_02\bulletphysicslibrary\debug\btgimpactquantizedbvh.obj
c:\users\alexm\documents\game development - advanced programming 2017\physics and simulation 2\physics_assignment_02\bulletphysicslibrary\debug\btgimpactshape.obj
c:\users\alexm\documents\game development - advanced programming 2017\physics and simulation 2\physics_assignment_02\bulletphysicslibrary\debug\bttriangleshapeex.obj
c:\users\alexm\documents\game development - advanced programming 2017\physics and simulation 2\physics_assignment_02\bulletphysicslibrary\debug\gim_box_set.obj
c:\users\alexm\documents\game development - advanced programming 2017\physics and simulation 2\physics_assignment_02\bulletphysicslibrary\debug\gim_contact.obj
c:\users\alexm\documents\game development - advanced programming 2017\physics and simulation 2\physics_assignment_02\bulletphysicslibrary\debug\gim_memory.obj
c:\users\alexm\documents\game development - advanced programming 2017\physics and simulation 2\physics_assignment_02\bulletphysicslibrary\debug\gim_tri_collision.obj
c:\users\alexm\documents\game development - advanced programming 2017\physics and simulation 2\physics_assignment_02\bulletphysicslibrary\debug\btcontinuousconvexcollision.obj
c:\users\alexm\documents\game development - advanced programming 2017\physics and simulation 2\physics_assignment_02\bulletphysicslibrary\debug\btconvexcast.obj
c:\users\alexm\documents\game development - advanced programming 2017\physics and simulation 2\physics_assignment_02\bulletphysicslibrary\debug\btconvexhullshape.obj
c:\users\alexm\documents\game development - advanced programming 2017\physics and simulation 2\physics_assignment_02\bulletphysicslibrary\debug\btconvexinternalshape.obj
c:\users\alexm\documents\game development - advanced programming 2017\physics and simulation 2\physics_assignment_02\bulletphysicslibrary\debug\btconvexpointcloudshape.obj
c:\users\alexm\documents\game development - advanced programming 2017\physics and simulation 2\physics_assignment_02\bulletphysicslibrary\debug\btconvexpolyhedron.obj
c:\users\alexm\documents\game development - advanced programming 2017\physics and simulation 2\physics_assignment_02\bulletphysicslibrary\debug\btconvexshape.obj
c:\users\alexm\documents\game development - advanced programming 2017\physics and simulation 2\physics_assignment_02\bulletphysicslibrary\debug\btconvextrianglemeshshape.obj
c:\users\alexm\documents\game development - advanced programming 2017\physics and simulation 2\physics_assignment_02\bulletphysicslibrary\debug\btcylindershape.obj
c:\users\alexm\documents\game development - advanced programming 2017\physics and simulation 2\physics_assignment_02\bulletphysicslibrary\debug\btemptyshape.obj
c:\users\alexm\documents\game development - advanced programming 2017\physics and simulation 2\physics_assignment_02\bulletphysicslibrary\debug\btheightfieldterrainshape.obj
c:\users\alexm\documents\game development - advanced programming 2017\physics and simulation 2\physics_assignment_02\bulletphysicslibrary\debug\btminkowskisumshape.obj
c:\users\alexm\documents\game development - advanced programming 2017\physics and simulation 2\physics_assignment_02\bulletphysicslibrary\debug\btmultimaterialtrianglemeshshape.obj
c:\users\alexm\documents\game development - advanced programming 2017\physics and simulation 2\physics_assignment_02\bulletphysicslibrary\debug\btmultisphereshape.obj
c:\users\alexm\documents\game development - advanced programming 2017\physics and simulation 2\physics_assignment_02\bulletphysicslibrary\debug\btoptimizedbvh.obj
c:\users\alexm\documents\game development - advanced programming 2017\physics and simulation 2\physics_assignment_02\bulletphysicslibrary\debug\btpolyhedralconvexshape.obj
c:\users\alexm\documents\game development - advanced programming 2017\physics and simulation 2\physics_assignment_02\bulletphysicslibrary\debug\btscaledbvhtrianglemeshshape.obj
c:\users\alexm\documents\game development - advanced programming 2017\physics and simulation 2\physics_assignment_02\bulletphysicslibrary\debug\btshapehull.obj
c:\users\alexm\documents\game development - advanced programming 2017\physics and simulation 2\physics_assignment_02\bulletphysicslibrary\debug\btsphereshape.obj
c:\users\alexm\documents\game development - advanced programming 2017\physics and simulation 2\physics_assignment_02\bulletphysicslibrary\debug\btstaticplaneshape.obj
c:\users\alexm\documents\game development - advanced programming 2017\physics and simulation 2\physics_assignment_02\bulletphysicslibrary\debug\btstridingmeshinterface.obj
c:\users\alexm\documents\game development - advanced programming 2017\physics and simulation 2\physics_assignment_02\bulletphysicslibrary\debug\bttetrahedronshape.obj
c:\users\alexm\documents\game development - advanced programming 2017\physics and simulation 2\physics_assignment_02\bulletphysicslibrary\debug\btemptycollisionalgorithm.obj
c:\users\alexm\documents\game development - advanced programming 2017\physics and simulation 2\physics_assignment_02\bulletphysicslibrary\debug\btghostobject.obj
c:\users\alexm\documents\game development - advanced programming 2017\physics and simulation 2\physics_assignment_02\bulletphysicslibrary\debug\bthashedsimplepaircache.obj
c:\users\alexm\documents\game development - advanced programming 2017\physics and simulation 2\physics_assignment_02\bulletphysicslibrary\debug\btinternaledgeutility.obj
c:\users\alexm\documents\game development - advanced programming 2017\physics and simulation 2\physics_assignment_02\bulletphysicslibrary\debug\btmanifoldresult.obj
c:\users\alexm\documents\game development - advanced programming 2017\physics and simulation 2\physics_assignment_02\bulletphysicslibrary\debug\btsimulationislandmanager.obj
c:\users\alexm\documents\game development - advanced programming 2017\physics and simulation 2\physics_assignment_02\bulletphysicslibrary\debug\btsphereboxcollisionalgorithm.obj
c:\users\alexm\documents\game development - advanced programming 2017\physics and simulation 2\physics_assignment_02\bulletphysicslibrary\debug\btspherespherecollisionalgorithm.obj
c:\users\alexm\documents\game development - advanced programming 2017\physics and simulation 2\physics_assignment_02\bulletphysicslibrary\debug\btspheretrianglecollisionalgorithm.obj
c:\users\alexm\documents\game development - advanced programming 2017\physics and simulation 2\physics_assignment_02\bulletphysicslibrary\debug\btunionfind.obj
c:\users\alexm\documents\game development - advanced programming 2017\physics and simulation 2\physics_assignment_02\bulletphysicslibrary\debug\spheretriangledetector.obj
c:\users\alexm\documents\game development - advanced programming 2017\physics and simulation 2\physics_assignment_02\bulletphysicslibrary\debug\btbox2dshape.obj
c:\users\alexm\documents\game development - advanced programming 2017\physics and simulation 2\physics_assignment_02\bulletphysicslibrary\debug\btboxshape.obj
c:\users\alexm\documents\game development - advanced programming 2017\physics and simulation 2\physics_assignment_02\bulletphysicslibrary\debug\btbvhtrianglemeshshape.obj
c:\users\alexm\documents\game development - advanced programming 2017\physics and simulation 2\physics_assignment_02\bulletphysicslibrary\debug\btcapsuleshape.obj
c:\users\alexm\documents\game development - advanced programming 2017\physics and simulation 2\physics_assignment_02\bulletphysicslibrary\debug\btcollisionshape.obj
c:\users\alexm\documents\game development - advanced programming 2017\physics and simulation 2\physics_assignment_02\bulletphysicslibrary\debug\btcompoundshape.obj
c:\users\alexm\documents\game development - advanced programming 2017\physics and simulation 2\physics_assignment_02\bulletphysicslibrary\debug\btconcaveshape.obj
c:\users\alexm\documents\game development - advanced programming 2017\physics and simulation 2\physics_assignment_02\bulletphysicslibrary\debug\btconeshape.obj
c:\users\alexm\documents\game development - advanced programming 2017\physics and simulation 2\physics_assignment_02\bulletphysicslibrary\debug\btconvex2dshape.obj
c:\users\alexm\documents\game development - advanced programming 2017\physics and simulation 2\physics_assignment_02\bulletphysicslibrary\debug\btdispatcher.obj
c:\users\alexm\documents\game development - advanced programming 2017\physics and simulation 2\physics_assignment_02\bulletphysicslibrary\debug\btoverlappingpaircache.obj
c:\users\alexm\documents\game development - advanced programming 2017\physics and simulation 2\physics_assignment_02\bulletphysicslibrary\debug\btquantizedbvh.obj
c:\users\alexm\documents\game development - advanced programming 2017\physics and simulation 2\physics_assignment_02\bulletphysicslibrary\debug\btsimplebroadphase.obj
c:\users\alexm\documents\game development - advanced programming 2017\physics and simulation 2\physics_assignment_02\bulletphysicslibrary\debug\btactivatingcollisionalgorithm.obj
c:\users\alexm\documents\game development - advanced programming 2017\physics and simulation 2\physics_assignment_02\bulletphysicslibrary\debug\btbox2dbox2dcollisionalgorithm.obj
c:\users\alexm\documents\game development - advanced programming 2017\physics and simulation 2\physics_assignment_02\bulletphysicslibrary\debug\btboxboxcollisionalgorithm.obj
c:\users\alexm\documents\game development - advanced programming 2017\physics and simulation 2\physics_assignment_02\bulletphysicslibrary\debug\btboxboxdetector.obj
c:\users\alexm\documents\game development - advanced programming 2017\physics and simulation 2\physics_assignment_02\bulletphysicslibrary\debug\btcollisiondispatcher.obj
c:\users\alexm\documents\game development - advanced programming 2017\physics and simulation 2\physics_assignment_02\bulletphysicslibrary\debug\btcollisiondispatchermt.obj
c:\users\alexm\documents\game development - advanced programming 2017\physics and simulation 2\physics_assignment_02\bulletphysicslibrary\debug\btcollisionobject.obj
c:\users\alexm\documents\game development - advanced programming 2017\physics and simulation 2\physics_assignment_02\bulletphysicslibrary\debug\btcollisionworld.obj
c:\users\alexm\documents\game development - advanced programming 2017\physics and simulation 2\physics_assignment_02\bulletphysicslibrary\debug\btcollisionworldimporter.obj
c:\users\alexm\documents\game development - advanced programming 2017\physics and simulation 2\physics_assignment_02\bulletphysicslibrary\debug\btcompoundcollisionalgorithm.obj
c:\users\alexm\documents\game development - advanced programming 2017\physics and simulation 2\physics_assignment_02\bulletphysicslibrary\debug\btcompoundcompoundcollisionalgorithm.obj
c:\users\alexm\documents\game development - advanced programming 2017\physics and simulation 2\physics_assignment_02\bulletphysicslibrary\debug\btconvex2dconvex2dalgorithm.obj
c:\users\alexm\documents\game development - advanced programming 2017\physics and simulation 2\physics_assignment_02\bulletphysicslibrary\debug\btconvexconcavecollisionalgorithm.obj
c:\users\alexm\documents\game development - advanced programming 2017\physics and simulation 2\physics_assignment_02\bulletphysicslibrary\debug\btconvexconvexalgorithm.obj
c:\users\alexm\documents\game development - advanced programming 2017\physics and simulation 2\physics_assignment_02\bulletphysicslibrary\debug\btconvexplanecollisionalgorithm.obj
c:\users\alexm\documents\game development - advanced programming 2017\physics and simulation 2\physics_assignment_02\bulletphysicslibrary\debug\btdefaultcollisionconfiguration.obj
c:\users\alexm\documents\game development - advanced programming 2017\physics and simulation 2\physics_assignment_02\bulletphysicslibrary\debug\b3dynamicbvhbroadphase.obj
c:\users\alexm\documents\game development - advanced programming 2017\physics and simulation 2\physics_assignment_02\bulletphysicslibrary\debug\b3overlappingpaircache.obj
c:\users\alexm\documents\game development - advanced programming 2017\physics and simulation 2\physics_assignment_02\bulletphysicslibrary\debug\b3convexutility.obj
c:\users\alexm\documents\game development - advanced programming 2017\physics and simulation 2\physics_assignment_02\bulletphysicslibrary\debug\b3cpunarrowphase.obj
c:\users\alexm\documents\game development - advanced programming 2017\physics and simulation 2\physics_assignment_02\bulletphysicslibrary\debug\b3alignedallocator.obj
c:\users\alexm\documents\game development - advanced programming 2017\physics and simulation 2\physics_assignment_02\bulletphysicslibrary\debug\b3logging.obj
c:\users\alexm\documents\game development - advanced programming 2017\physics and simulation 2\physics_assignment_02\bulletphysicslibrary\debug\b3vector3.obj
c:\users\alexm\documents\game development - advanced programming 2017\physics and simulation 2\physics_assignment_02\bulletphysicslibrary\debug\b3cpurigidbodypipeline.obj
c:\users\alexm\documents\game development - advanced programming 2017\physics and simulation 2\physics_assignment_02\bulletphysicslibrary\debug\b3fixedconstraint.obj
c:\users\alexm\documents\game development - advanced programming 2017\physics and simulation 2\physics_assignment_02\bulletphysicslibrary\debug\b3generic6dofconstraint.obj
c:\users\alexm\documents\game development - advanced programming 2017\physics and simulation 2\physics_assignment_02\bulletphysicslibrary\debug\b3pgsjacobisolver.obj
c:\users\alexm\documents\game development - advanced programming 2017\physics and simulation 2\physics_assignment_02\bulletphysicslibrary\debug\b3point2pointconstraint.obj
c:\users\alexm\documents\game development - advanced programming 2017\physics and simulation 2\physics_assignment_02\bulletphysicslibrary\debug\b3typedconstraint.obj
c:\users\alexm\documents\game development - advanced programming 2017\physics and simulation 2\physics_assignment_02\bulletphysicslibrary\debug\b3convexhullcomputer.obj
c:\users\alexm\documents\game development - advanced programming 2017\physics and simulation 2\physics_assignment_02\bulletphysicslibrary\debug\b3geometryutil.obj
c:\users\alexm\documents\game development - advanced programming 2017\physics and simulation 2\physics_assignment_02\bulletphysicslibrary\debug\btaxissweep3.obj
c:\users\alexm\documents\game development - advanced programming 2017\physics and simulation 2\physics_assignment_02\bulletphysicslibrary\debug\btbroadphaseproxy.obj
c:\users\alexm\documents\game development - advanced programming 2017\physics and simulation 2\physics_assignment_02\bulletphysicslibrary\debug\btcollisionalgorithm.obj
c:\users\alexm\documents\game development - advanced programming 2017\physics and simulation 2\physics_assignment_02\bulletphysicslibrary\debug\btdbvt.obj
c:\users\alexm\documents\game development - advanced programming 2017\physics and simulation 2\physics_assignment_02\bulletphysicslibrary\debug\btdbvtbroadphase.obj
c:\users\alexm\documents\game development - advanced programming 2017\physics and simulation 2\physics_assignment_02\bulletphysicslibrary\debug\b3dynamicbvh.obj
c:\users\alexm\documents\game development - advanced programming 2017\physics and simulation 2\physics_assignment_02\debug\bulletphysicslibrary.pdb
c:\users\alexm\documents\game development - advanced programming 2017\physics and simulation 2\physics_assignment_02\bulletphysicslibrary\debug\bulletph.647f3f35.tlog\cl.command.1.tlog
c:\users\alexm\documents\game development - advanced programming 2017\physics and simulation 2\physics_assignment_02\bulletphysicslibrary\debug\bulletph.647f3f35.tlog\cl.read.1.tlog
c:\users\alexm\documents\game development - advanced programming 2017\physics and simulation 2\physics_assignment_02\bulletphysicslibrary\debug\bulletph.647f3f35.tlog\cl.write.1.tlog
c:\users\alexm\documents\game development - advanced programming 2017\physics and simulation 2\physics_assignment_02\bulletphysicslibrary\debug\bulletph.647f3f35.tlog\link-cvtres.read.1.tlog
c:\users\alexm\documents\game development - advanced programming 2017\physics and simulation 2\physics_assignment_02\bulletphysicslibrary\debug\bulletph.647f3f35.tlog\link-cvtres.write.1.tlog
c:\users\alexm\documents\game development - advanced programming 2017\physics and simulation 2\physics_assignment_02\bulletphysicslibrary\debug\bulletph.647f3f35.tlog\link-rc.read.1.tlog
c:\users\alexm\documents\game development - advanced programming 2017\physics and simulation 2\physics_assignment_02\bulletphysicslibrary\debug\bulletph.647f3f35.tlog\link-rc.write.1.tlog
c:\users\alexm\documents\game development - advanced programming 2017\physics and simulation 2\physics_assignment_02\bulletphysicslibrary\debug\bulletph.647f3f35.tlog\link.command.1.tlog
c:\users\alexm\documents\game development - advanced programming 2017\physics and simulation 2\physics_assignment_02\bulletphysicslibrary\debug\bulletph.647f3f35.tlog\link.read.1.tlog
c:\users\alexm\documents\game development - advanced programming 2017\physics and simulation 2\physics_assignment_02\bulletphysicslibrary\debug\bulletph.647f3f35.tlog\link.write.1.tlog
